<?xml version="1.0" encoding="UTF-8"?>
<testsuite name="TestLeapYears" tests="6" skipped="0" failures="0" errors="0" timestamp="2021-12-07T17:35:34" hostname="LAPTOP-8GD51UAT" time="0.034">
  <properties/>
  <testcase name="is_divisble_by_100_but_not_400()" classname="TestLeapYears" time="0.025"/>
  <testcase name="is_2020_a_leap_year()" classname="TestLeapYears" time="0.0"/>
  <testcase name="is_divisible_by_4()" classname="TestLeapYears" time="0.001"/>
  <testcase name="is_not_divisble_by_4()" classname="TestLeapYears" time="0.001"/>
  <testcase name="is_divisible_by_400()" classname="TestLeapYears" time="0.001"/>
  <testcase name="is_1700_a_leap_year()" classname="TestLeapYears" time="0.001"/>
  <system-out><![CDATA[]]></system-out>
  <system-err><![CDATA[]]></system-err>
</testsuite>
